<?xml version="1.0" encoding="UTF-8"?>
<testng-results skipped="0" failed="0" ignored="0" total="1" passed="1">
  <reporter-output>
  </reporter-output>
  <suite name="Default suite" duration-ms="9893" started-at="2021-06-28T15:38:36Z" finished-at="2021-06-28T15:38:46Z">
    <groups>
    </groups>
    <test name="Default test" duration-ms="9893" started-at="2021-06-28T15:38:36Z" finished-at="2021-06-28T15:38:46Z">
      <class name="test.AddCategoryTest">
        <test-method status="PASS" signature="UserShouldBeAbleToAddCategory()[pri:0, instance:test.AddCategoryTest@12d4bf7e]" name="UserShouldBeAbleToAddCategory" duration-ms="9842" started-at="2021-06-28T15:38:36Z" finished-at="2021-06-28T15:38:46Z">
          <reporter-output>
          </reporter-output>
        </test-method> <!-- UserShouldBeAbleToAddCategory -->
      </class> <!-- test.AddCategoryTest -->
    </test> <!-- Default test -->
  </suite> <!-- Default suite -->
</testng-results>
